<?xml version="1.0" encoding="UTF-8"?>
<robot generator="Robot 6.0.1 (Python 3.10.7 on win32)" generated="20221103 22:36:43.341" rpa="false" schemaversion="3">
<suite id="s1" name="Input" source="C:\Users\cansa\PycharmProjects\robotFramework\Automation\input.robot">
<test id="s1-t1" name="InputBox" line="13">
<kw name="Open Browser" library="SeleniumLibrary">
<arg>${url}</arg>
<arg>${browser}</arg>
<doc>Opens a new browser instance to the optional ``url``.</doc>
<msg timestamp="20221103 22:36:43.532" level="INFO">Opening browser 'chrome' to base url 'https://www.google.com'.</msg>
<status status="PASS" starttime="20221103 22:36:43.531" endtime="20221103 22:36:45.359"/>
</kw>
<kw name="Maximize Browser Window" library="SeleniumLibrary">
<doc>Maximizes current browser window.</doc>
<status status="PASS" starttime="20221103 22:36:45.360" endtime="20221103 22:36:45.480"/>
</kw>
<kw name="Input Text" library="SeleniumLibrary">
<arg>xpath://input[@title='Ara']</arg>
<arg>${search1}</arg>
<doc>Types the given ``text`` into the text field identified by ``locator``.</doc>
<msg timestamp="20221103 22:36:45.481" level="INFO">Typing text 'amazon' into text field 'xpath://input[@title='Ara']'.</msg>
<status status="PASS" starttime="20221103 22:36:45.480" endtime="20221103 22:36:45.546"/>
</kw>
<kw name="Click Button" library="SeleniumLibrary">
<arg>xpath:(//input[@name='btnK'])[2]</arg>
<doc>Clicks the button identified by ``locator``.</doc>
<msg timestamp="20221103 22:36:45.546" level="INFO">Clicking button 'xpath:(//input[@name='btnK'])[2]'.</msg>
<status status="PASS" starttime="20221103 22:36:45.546" endtime="20221103 22:36:47.645"/>
</kw>
<kw name="Clear Element Text" library="SeleniumLibrary">
<arg>//input[@aria-label='Ara']</arg>
<doc>Clears the value of the text-input-element identified by ``locator``.</doc>
<status status="PASS" starttime="20221103 22:36:47.645" endtime="20221103 22:36:47.680"/>
</kw>
<kw name="Input Text" library="SeleniumLibrary">
<arg>//input[@aria-label='Ara']</arg>
<arg>${search2}</arg>
<doc>Types the given ``text`` into the text field identified by ``locator``.</doc>
<msg timestamp="20221103 22:36:47.680" level="INFO">Typing text 'turktelekom' into text field '//input[@aria-label='Ara']'.</msg>
<status status="PASS" starttime="20221103 22:36:47.680" endtime="20221103 22:36:47.752"/>
</kw>
<kw name="Click Button" library="SeleniumLibrary">
<arg>//button[@aria-label='Ara']</arg>
<doc>Clicks the button identified by ``locator``.</doc>
<msg timestamp="20221103 22:36:47.753" level="INFO">Clicking button '//button[@aria-label='Ara']'.</msg>
<status status="PASS" starttime="20221103 22:36:47.753" endtime="20221103 22:36:49.657"/>
</kw>
<status status="PASS" starttime="20221103 22:36:43.531" endtime="20221103 22:36:49.657"/>
</test>
<status status="PASS" starttime="20221103 22:36:43.342" endtime="20221103 22:36:49.658"/>
</suite>
<statistics>
<total>
<stat pass="1" fail="0" skip="0">All Tests</stat>
</total>
<tag>
</tag>
<suite>
<stat pass="1" fail="0" skip="0" id="s1" name="Input">Input</stat>
</suite>
</statistics>
<errors>
</errors>
</robot>
