<?xml version="1.0" encoding="UTF-8"?>
<robot generator="Robot 6.0.1 (Python 3.11.0 on win32)" generated="20221104 23:47:06.524" rpa="false" schemaversion="3">
<suite id="s1" name="Hepsiburada" source="C:\Users\cansa\PycharmProjects\robotFramework\Automation\hepsiburada.robot">
<test id="s1-t1" name="test1" line="20">
<kw name=" starting setup" library="setup" type="SETUP">
<kw name="Open Browser" library="SeleniumLibrary">
<arg>${url}</arg>
<arg>${browser}</arg>
<doc>Opens a new browser instance to the optional ``url``.</doc>
<msg timestamp="20221104 23:47:06.743" level="INFO">Opening browser 'chrome' to base url 'https://hepsiburada.com'.</msg>
<status status="PASS" starttime="20221104 23:47:06.742" endtime="20221104 23:47:11.298"/>
</kw>
<kw name="Maximize Browser Window" library="SeleniumLibrary">
<doc>Maximizes current browser window.</doc>
<status status="PASS" starttime="20221104 23:47:11.298" endtime="20221104 23:47:11.693"/>
</kw>
<status status="PASS" starttime="20221104 23:47:06.742" endtime="20221104 23:47:11.693"/>
</kw>
<kw name="insidegoogle" library="test">
<kw name="Open Browser" library="SeleniumLibrary">
<arg>${url}</arg>
<arg>${browser}</arg>
<doc>Opens a new browser instance to the optional ``url``.</doc>
<msg timestamp="20221104 23:47:11.694" level="INFO">Opening browser 'chrome' to base url 'https://hepsiburada.com'.</msg>
<status status="PASS" starttime="20221104 23:47:11.694" endtime="20221104 23:47:16.612"/>
</kw>
<kw name="Open Browser" library="SeleniumLibrary">
<arg>${amazonUrl}</arg>
<arg>${browser}</arg>
<doc>Opens a new browser instance to the optional ``url``.</doc>
<msg timestamp="20221104 23:47:16.612" level="INFO">Opening browser 'chrome' to base url 'https://www.amazon.com'.</msg>
<status status="PASS" starttime="20221104 23:47:16.612" endtime="20221104 23:47:19.446"/>
</kw>
<kw name="Maximize Browser Window" library="SeleniumLibrary">
<doc>Maximizes current browser window.</doc>
<status status="PASS" starttime="20221104 23:47:19.446" endtime="20221104 23:47:19.570"/>
</kw>
<status status="PASS" starttime="20221104 23:47:11.693" endtime="20221104 23:47:19.570"/>
</kw>
<kw name="tear down setup" library="setup">
<kw name="Sleep" library="BuiltIn">
<arg>4</arg>
<doc>Pauses the test executed for the given time.</doc>
<msg timestamp="20221104 23:47:23.571" level="INFO">Slept 4 seconds</msg>
<status status="PASS" starttime="20221104 23:47:19.571" endtime="20221104 23:47:23.571"/>
</kw>
<kw name="Close Browser" library="SeleniumLibrary">
<doc>Closes the current browser.</doc>
<status status="PASS" starttime="20221104 23:47:23.571" endtime="20221104 23:47:25.623"/>
</kw>
<status status="PASS" starttime="20221104 23:47:19.570" endtime="20221104 23:47:25.623"/>
</kw>
<status status="PASS" starttime="20221104 23:47:06.742" endtime="20221104 23:47:25.623"/>
</test>
<status status="PASS" starttime="20221104 23:47:06.527" endtime="20221104 23:47:25.624"/>
</suite>
<statistics>
<total>
<stat pass="1" fail="0" skip="0">All Tests</stat>
</total>
<tag>
</tag>
<suite>
<stat pass="1" fail="0" skip="0" id="s1" name="Hepsiburada">Hepsiburada</stat>
</suite>
</statistics>
<errors>
</errors>
</robot>
